[ 2018-02-23T22:45:02+08:00 ] 127.0.0.1 127.0.0.1 GET /admin/index/index.html
[ log ] www.tp5_blog.com:82/admin/index/index.html [运行时间：0.092005s][吞吐率：10.87req/s] [内存消耗：1,774.42kb] [文件加载：42]
[ info ] [ LANG ] E:\PHP\wamp\www\tp5_blog\thinkphp\lang\zh-cn.php
[ info ] [ ROUTE ] array (
  'type' => 'module',
  'module' => 
  array (
    0 => 'admin',
    1 => 'index',
    2 => 'index',
  ),
)
[ info ] [ HEADER ] array (
  'host' => 'www.tp5_blog.com:82',
  'connection' => 'keep-alive',
  'cache-control' => 'max-age=0',
  'upgrade-insecure-requests' => '1',
  'user-agent' => 'Mozilla/5.0 (Windows NT 6.1; WOW64) AppleWebKit/537.36 (KHTML, like Gecko) Chrome/64.0.3282.167 Safari/537.36',
  'accept' => 'text/html,application/xhtml+xml,application/xml;q=0.9,image/webp,image/apng,*/*;q=0.8',
  'referer' => 'http://www.tp5_blog.com:82/admin/login/index.html',
  'accept-encoding' => 'gzip, deflate',
  'accept-language' => 'zh-CN,zh;q=0.9',
  'cookie' => 'thinkphp_show_page_trace=0|0; thinkphp_show_page_trace=0|0; PHPSESSID=7som5rtm0591lqqi9rthhk91u3',
)
[ info ] [ PARAM ] array (
)
[ info ] [ SESSION ] INIT array (
  'id' => '',
  'var_session_id' => '',
  'prefix' => 'think',
  'type' => '',
  'auto_start' => true,
)
[ info ] [ RUN ] app\admin\controller\Index->index[ E:\PHP\wamp\www\tp5_blog\application\admin\controller\Index.php ]
[ info ] [ VIEW ] E:\PHP\wamp\www\tp5_blog\public/../application/admin\view\index\index.htm [ array (
) ]
[ info ] [ LOG ] INIT File

---------------------------------------------------------------
[ 2018-02-23T22:45:06+08:00 ] 127.0.0.1 127.0.0.1 GET /admin/index/index.html
[ log ] www.tp5_blog.com:82/admin/index/index.html [运行时间：0.107006s][吞吐率：9.35req/s] [内存消耗：1,607.37kb] [文件加载：40]
[ info ] [ LANG ] E:\PHP\wamp\www\tp5_blog\thinkphp\lang\zh-cn.php
[ info ] [ ROUTE ] array (
  'type' => 'module',
  'module' => 
  array (
    0 => 'admin',
    1 => 'index',
    2 => 'index',
  ),
)
[ info ] [ HEADER ] array (
  'host' => 'www.tp5_blog.com:82',
  'connection' => 'keep-alive',
  'upgrade-insecure-requests' => '1',
  'user-agent' => 'Mozilla/5.0 (Windows NT 6.1; WOW64) AppleWebKit/537.36 (KHTML, like Gecko) Chrome/64.0.3282.167 Safari/537.36',
  'accept' => 'text/html,application/xhtml+xml,application/xml;q=0.9,image/webp,image/apng,*/*;q=0.8',
  'referer' => 'http://www.tp5_blog.com:82/admin/login/index.html',
  'accept-encoding' => 'gzip, deflate',
  'accept-language' => 'zh-CN,zh;q=0.9',
  'cookie' => 'thinkphp_show_page_trace=0|0; thinkphp_show_page_trace=0|0; PHPSESSID=7som5rtm0591lqqi9rthhk91u3',
)
[ info ] [ PARAM ] array (
)
[ info ] [ SESSION ] INIT array (
  'id' => '',
  'var_session_id' => '',
  'prefix' => 'think',
  'type' => '',
  'auto_start' => true,
)
[ info ] [ RUN ] app\admin\controller\Index->index[ E:\PHP\wamp\www\tp5_blog\application\admin\controller\Index.php ]
[ info ] [ VIEW ] E:\PHP\wamp\www\tp5_blog\public/../application/admin\view\index\index.htm [ array (
) ]
[ info ] [ LOG ] INIT File

---------------------------------------------------------------
[ 2018-02-23T22:46:25+08:00 ] 127.0.0.1 127.0.0.1 GET /admin/index/index.html
[ log ] www.tp5_blog.com:82/admin/index/index.html [运行时间：0.063003s][吞吐率：15.87req/s] [内存消耗：1,607.57kb] [文件加载：40]
[ info ] [ LANG ] E:\PHP\wamp\www\tp5_blog\thinkphp\lang\zh-cn.php
[ info ] [ ROUTE ] array (
  'type' => 'module',
  'module' => 
  array (
    0 => 'admin',
    1 => 'index',
    2 => 'index',
  ),
)
[ info ] [ HEADER ] array (
  'host' => 'www.tp5_blog.com:82',
  'connection' => 'keep-alive',
  'cache-control' => 'max-age=0',
  'upgrade-insecure-requests' => '1',
  'user-agent' => 'Mozilla/5.0 (Windows NT 6.1; WOW64) AppleWebKit/537.36 (KHTML, like Gecko) Chrome/64.0.3282.167 Safari/537.36',
  'accept' => 'text/html,application/xhtml+xml,application/xml;q=0.9,image/webp,image/apng,*/*;q=0.8',
  'referer' => 'http://www.tp5_blog.com:82/admin/login/index.html',
  'accept-encoding' => 'gzip, deflate',
  'accept-language' => 'zh-CN,zh;q=0.9',
  'cookie' => 'thinkphp_show_page_trace=0|0; thinkphp_show_page_trace=0|0; PHPSESSID=7som5rtm0591lqqi9rthhk91u3',
)
[ info ] [ PARAM ] array (
)
[ info ] [ SESSION ] INIT array (
  'id' => '',
  'var_session_id' => '',
  'prefix' => 'think',
  'type' => '',
  'auto_start' => true,
)
[ info ] [ RUN ] app\admin\controller\Index->index[ E:\PHP\wamp\www\tp5_blog\application\admin\controller\Index.php ]
[ info ] [ VIEW ] E:\PHP\wamp\www\tp5_blog\public/../application/admin\view\index\index.htm [ array (
) ]
[ info ] [ LOG ] INIT File

---------------------------------------------------------------
[ 2018-02-23T22:46:26+08:00 ] ::1 ::1 GET /tp5_blog/public/static/admin/style/jquery.slimscroll.min.js.map
[ log ] localhost:82/tp5_blog/public/static/admin/style/jquery.slimscroll.min.js.map [运行时间：0.076004s][吞吐率：13.16req/s] [内存消耗：1,236.02kb] [文件加载：32]
[ info ] [ LANG ] E:\PHP\wamp\www\tp5_blog\thinkphp\lang\zh-cn.php
[ info ] [ ROUTE ] array (
  'type' => 'module',
  'module' => 
  array (
    0 => 'static',
    1 => 'admin',
    2 => 'style',
  ),
)
[ info ] [ HEADER ] array (
  'host' => 'localhost:82',
  'connection' => 'keep-alive',
  'user-agent' => 'Mozilla/5.0 (Windows NT 6.1; WOW64) AppleWebKit/537.36 (KHTML, like Gecko) Chrome/64.0.3282.167 Safari/537.36',
  'accept-encoding' => 'gzip, deflate, br',
  'accept-language' => 'zh-CN,zh;q=0.9',
  'cookie' => 'Phpstorm-d94e29df=dc6f3b30-ad19-4109-b24b-41b477e05aaf; gi12_2132_nofavfid=1; gi12_2132_ulastactivity=494cnHgCUfqb6t2biGKyO6wVtzSqqX9gR1ljLrl8to4dG1A%2FqxjZ; gi12_2132_lastcheckfeed=1%7C1506605982; gi12_2132_smile=1D1; REMEMBERME=Qml6XFVzZXJcQ3VycmVudFVzZXI6TnpVME16VTBOakF3UUhGeExtTnZiUT09OjE1Mzg5NTU1Mzg6Y2Y2NWY0MGJlNjJjNzI3ZWYyNGY5ODg3YWFlNjkyMGI2OTNiMzM2NjVhMDNmMzU1NTg1NmVlMzY0ODNjNDQyMw%3D%3D; oracle.uix=0^^GMT+8:00^p; Webstorm-d364d7dc=4a214849-26a5-496d-80a6-86acb8924bde',
)
[ info ] [ PARAM ] array (
)
[ info ] [ LOG ] INIT File

---------------------------------------------------------------
[ 2018-02-23T22:46:27+08:00 ] ::1 ::1 GET /tp5_blog/public/static/admin/fonts/fontawesome-webfont.woff2?v=4.3.0
[ log ] localhost:82/tp5_blog/public/static/admin/fonts/fontawesome-webfont.woff2?v=4.3.0 [运行时间：0.069004s][吞吐率：14.49req/s] [内存消耗：1,235.73kb] [文件加载：32]
[ info ] [ LANG ] E:\PHP\wamp\www\tp5_blog\thinkphp\lang\zh-cn.php
[ info ] [ ROUTE ] array (
  'type' => 'module',
  'module' => 
  array (
    0 => 'static',
    1 => 'admin',
    2 => 'fonts',
  ),
)
[ info ] [ HEADER ] array (
  'host' => 'localhost:82',
  'connection' => 'keep-alive',
  'origin' => 'http://www.tp5_blog.com:82',
  'user-agent' => 'Mozilla/5.0 (Windows NT 6.1; WOW64) AppleWebKit/537.36 (KHTML, like Gecko) Chrome/64.0.3282.167 Safari/537.36',
  'accept' => '*/*',
  'referer' => 'http://localhost:82/tp5_blog/public/static/admin/style/font-awesome.css',
  'accept-encoding' => 'gzip, deflate, br',
  'accept-language' => 'zh-CN,zh;q=0.9',
)
[ info ] [ PARAM ] array (
  'v' => '4.3.0',
)
[ info ] [ LOG ] INIT File

---------------------------------------------------------------
[ 2018-02-23T22:46:44+08:00 ] 127.0.0.1 127.0.0.1 GET /
[ log ] www.tp5_blog.com:82/ [运行时间：0.138008s][吞吐率：7.25req/s] [内存消耗：2,787.73kb] [文件加载：51]
[ info ] [ LANG ] E:\PHP\wamp\www\tp5_blog\thinkphp\lang\zh-cn.php
[ info ] [ ROUTE ] array (
  'type' => 'module',
  'module' => 
  array (
    0 => '',
    1 => NULL,
    2 => NULL,
  ),
)
[ info ] [ HEADER ] array (
  'host' => 'www.tp5_blog.com:82',
  'connection' => 'keep-alive',
  'upgrade-insecure-requests' => '1',
  'user-agent' => 'Mozilla/5.0 (Windows NT 6.1; WOW64) AppleWebKit/537.36 (KHTML, like Gecko) Chrome/64.0.3282.167 Safari/537.36',
  'accept' => 'text/html,application/xhtml+xml,application/xml;q=0.9,image/webp,image/apng,*/*;q=0.8',
  'accept-encoding' => 'gzip, deflate',
  'accept-language' => 'zh-CN,zh;q=0.9',
  'cookie' => 'thinkphp_show_page_trace=0|0; PHPSESSID=7som5rtm0591lqqi9rthhk91u3',
)
[ info ] [ PARAM ] array (
)
[ info ] [ DB ] INIT mysql
[ info ] [ DB ] INIT mysql
[ info ] [ DB ] INIT mysql
[ info ] [ DB ] INIT mysql
[ info ] [ RUN ] app\index\controller\Index->index[ E:\PHP\wamp\www\tp5_blog\application\index\controller\Index.php ]
[ info ] [ DB ] INIT mysql
[ info ] [ VIEW ] E:\PHP\wamp\www\tp5_blog\public/../application/index\view\index\index.htm [ array (
  0 => 'clickres',
  1 => 'tjres',
  2 => 'cateres',
  3 => 'tagres',
  4 => 'articles',
) ]
[ info ] [ LOG ] INIT File
[ sql ] [ DB ] CONNECT:[ UseTime:0.001000s ] mysql:dbname=blog;host=127.0.0.1;charset=utf8
[ sql ] [ SQL ] SHOW COLUMNS FROM `tp_article` [ RunTime:0.009000s ]
[ sql ] [ SQL ] SELECT * FROM `tp_article` ORDER BY click desc LIMIT 5 [ RunTime:0.001000s ]
[ sql ] [ DB ] CONNECT:[ UseTime:0.001000s ] mysql:dbname=blog;host=127.0.0.1;charset=utf8
[ sql ] [ SQL ] SELECT * FROM `tp_article` WHERE  `state` = 1 ORDER BY click desc LIMIT 3 [ RunTime:0.001001s ]
[ sql ] [ DB ] CONNECT:[ UseTime:0.001000s ] mysql:dbname=blog;host=127.0.0.1;charset=utf8
[ sql ] [ SQL ] SHOW COLUMNS FROM `tp_cate` [ RunTime:0.010000s ]
[ sql ] [ SQL ] SELECT * FROM `tp_cate` ORDER BY id asc [ RunTime:0.000000s ]
[ sql ] [ DB ] CONNECT:[ UseTime:0.001000s ] mysql:dbname=blog;host=127.0.0.1;charset=utf8
[ sql ] [ SQL ] SHOW COLUMNS FROM `tp_tags` [ RunTime:0.013001s ]
[ sql ] [ SQL ] SELECT * FROM `tp_tags` ORDER BY id desc [ RunTime:0.000000s ]
[ sql ] [ DB ] CONNECT:[ UseTime:0.001000s ] mysql:dbname=blog;host=127.0.0.1;charset=utf8
[ sql ] [ SQL ] SELECT COUNT(*) AS tp_count FROM `tp_article` LIMIT 1 [ RunTime:0.000000s ]
[ sql ] [ SQL ] SELECT * FROM `tp_article` ORDER BY id asc LIMIT 0,4 [ RunTime:0.000000s ]

---------------------------------------------------------------
[ 2018-02-23T22:46:44+08:00 ] ::1 ::1 GET /tp5_blog/public/static/index/style/goto/my-65537.js
[ log ] localhost:82/tp5_blog/public/static/index/style/goto/my-65537.js [运行时间：0.065004s][吞吐率：15.38req/s] [内存消耗：1,236.30kb] [文件加载：32]
[ info ] [ LANG ] E:\PHP\wamp\www\tp5_blog\thinkphp\lang\zh-cn.php
[ info ] [ ROUTE ] array (
  'type' => 'module',
  'module' => 
  array (
    0 => 'static',
    1 => 'index',
    2 => 'style',
  ),
)
[ info ] [ HEADER ] array (
  'host' => 'localhost:82',
  'connection' => 'keep-alive',
  'user-agent' => 'Mozilla/5.0 (Windows NT 6.1; WOW64) AppleWebKit/537.36 (KHTML, like Gecko) Chrome/64.0.3282.167 Safari/537.36',
  'accept' => '*/*',
  'referer' => 'http://www.tp5_blog.com:82/',
  'accept-encoding' => 'gzip, deflate, br',
  'accept-language' => 'zh-CN,zh;q=0.9',
  'cookie' => 'gi12_2132_nofavfid=1; gi12_2132_ulastactivity=494cnHgCUfqb6t2biGKyO6wVtzSqqX9gR1ljLrl8to4dG1A%2FqxjZ; gi12_2132_lastcheckfeed=1%7C1506605982; gi12_2132_smile=1D1; REMEMBERME=Qml6XFVzZXJcQ3VycmVudFVzZXI6TnpVME16VTBOakF3UUhGeExtTnZiUT09OjE1Mzg5NTU1Mzg6Y2Y2NWY0MGJlNjJjNzI3ZWYyNGY5ODg3YWFlNjkyMGI2OTNiMzM2NjVhMDNmMzU1NTg1NmVlMzY0ODNjNDQyMw%3D%3D; oracle.uix=0^^GMT+8:00^p',
)
[ info ] [ PARAM ] array (
  'goto' => 'my-65537.js',
)
[ info ] [ LOG ] INIT File

---------------------------------------------------------------
[ 2018-02-23T22:46:44+08:00 ] ::1 ::1 GET /tp5_blog/public/static/index/images/js/count_zixun.js
[ log ] localhost:82/tp5_blog/public/static/index/images/js/count_zixun.js [运行时间：0.059004s][吞吐率：16.95req/s] [内存消耗：1,236.39kb] [文件加载：32]
[ info ] [ LANG ] E:\PHP\wamp\www\tp5_blog\thinkphp\lang\zh-cn.php
[ info ] [ ROUTE ] array (
  'type' => 'module',
  'module' => 
  array (
    0 => 'static',
    1 => 'index',
    2 => 'images',
  ),
)
[ info ] [ HEADER ] array (
  'host' => 'localhost:82',
  'connection' => 'keep-alive',
  'user-agent' => 'Mozilla/5.0 (Windows NT 6.1; WOW64) AppleWebKit/537.36 (KHTML, like Gecko) Chrome/64.0.3282.167 Safari/537.36',
  'accept' => '*/*',
  'referer' => 'http://www.tp5_blog.com:82/',
  'accept-encoding' => 'gzip, deflate, br',
  'accept-language' => 'zh-CN,zh;q=0.9',
  'cookie' => 'gi12_2132_nofavfid=1; gi12_2132_ulastactivity=494cnHgCUfqb6t2biGKyO6wVtzSqqX9gR1ljLrl8to4dG1A%2FqxjZ; gi12_2132_lastcheckfeed=1%7C1506605982; gi12_2132_smile=1D1; REMEMBERME=Qml6XFVzZXJcQ3VycmVudFVzZXI6TnpVME16VTBOakF3UUhGeExtTnZiUT09OjE1Mzg5NTU1Mzg6Y2Y2NWY0MGJlNjJjNzI3ZWYyNGY5ODg3YWFlNjkyMGI2OTNiMzM2NjVhMDNmMzU1NTg1NmVlMzY0ODNjNDQyMw%3D%3D; oracle.uix=0^^GMT+8:00^p',
)
[ info ] [ PARAM ] array (
  'js' => 'count_zixun.js',
)
[ info ] [ LOG ] INIT File

---------------------------------------------------------------
